
		Tue May 27 2025
17:05:21 { Loading plugin 1: Type `plain', file `geos' in `../hosting'
17:05:21   plain version 1.2.3240 from OpenLink Software
17:05:21   GEOS plugin based on Geometry Engine Open Source library from Open Source Geospatial Foundation
17:05:21   SUCCESS plugin 1: loaded from ../hosting/geos.so }
17:05:21 { Loading plugin 2: Type `plain', file `graphql' in `../hosting'
17:05:21   GraphQL/SPARQL Bridge version 0.9.3 (ffed4676d) from OpenLink Software
17:05:21   Support functions for GraphQL/SPARQL Bridge
17:05:21   SUCCESS plugin 2: loaded from ../hosting/graphql.so }
17:05:21 { Loading plugin 3: Type `plain', file `shapefileio' in `../hosting'
17:05:21   ShapefileIO version 0.1virt71 from OpenLink Software
17:05:21   Shapefile support based on Frank Warmerdam's Shapelib
17:05:21   SUCCESS plugin 3: loaded from ../hosting/shapefileio.so }
17:05:21 OpenLink Virtuoso Universal Server
17:05:21 Version 07.20.3240-pthreads for Linux as of Nov 11 2024 (ffed4676d)
17:05:21 uses OpenSSL 1.1.1f  31 Mar 2020
17:05:21 uses parts of PCRE, Html Tidy
17:05:21 SQL Optimizer enabled (max 1000 layouts)
17:05:21 Compiler unit is timed at 0.000397 msec
17:05:23 Checkpoint started
17:05:23 Checkpoint finished.
17:05:23 Roll forward started
17:05:23 Roll forward complete
17:05:23 PL LOG: Installing Virtuoso Conductor version 1.00.8871 (DAV)
17:05:23 PL LOG: Installing with dependencies Virtuoso Conductor version 1.00.8871/2024-11-11 13:05 (DAV)
17:05:23 Checkpoint started
17:05:23 Checkpoint finished, log reused
17:05:25 Checkpoint started
17:05:25 Checkpoint finished, log reused
17:05:25 PL LOG: Installation with dependencies complete
17:05:25 Checkpoint started
17:05:25 Checkpoint finished, log reused
17:05:25 HTTP/WebDAV server online at 8890
17:05:25 Server online at 1111 (pid 1)
17:06:19 Server received signal 2
17:06:19 Initiating normal shutdown
17:06:19 Checkpoint started
17:06:19 Checkpoint finished, log reused
17:06:19 Server shutdown complete

		Tue May 27 2025
17:10:40 { Loading plugin 1: Type `plain', file `geos' in `../hosting'
17:10:40   plain version 1.2.3240 from OpenLink Software
17:10:40   GEOS plugin based on Geometry Engine Open Source library from Open Source Geospatial Foundation
17:10:40   SUCCESS plugin 1: loaded from ../hosting/geos.so }
17:10:40 { Loading plugin 2: Type `plain', file `graphql' in `../hosting'
17:10:40   GraphQL/SPARQL Bridge version 0.9.3 (ffed4676d) from OpenLink Software
17:10:40   Support functions for GraphQL/SPARQL Bridge
17:10:40   SUCCESS plugin 2: loaded from ../hosting/graphql.so }
17:10:40 { Loading plugin 3: Type `plain', file `shapefileio' in `../hosting'
17:10:40   ShapefileIO version 0.1virt71 from OpenLink Software
17:10:40   Shapefile support based on Frank Warmerdam's Shapelib
17:10:40   SUCCESS plugin 3: loaded from ../hosting/shapefileio.so }
17:10:40 OpenLink Virtuoso Universal Server
17:10:40 Version 07.20.3240-pthreads for Linux as of Nov 11 2024 (ffed4676d)
17:10:40 uses OpenSSL 1.1.1f  31 Mar 2020
17:10:40 uses parts of PCRE, Html Tidy
17:10:40 Database version 3126
17:10:40 SQL Optimizer enabled (max 1000 layouts)
17:10:41 Compiler unit is timed at 0.000131 msec
17:10:41 Roll forward started
17:10:41 Roll forward complete
17:10:41 Checkpoint started
17:10:41 Checkpoint finished, log reused
17:10:41 HTTP/WebDAV server online at 8890
17:10:41 Server online at 1111 (pid 1)
18:02:44 Server received signal 2
18:02:44 Initiating normal shutdown
18:02:44 Checkpoint started
18:02:44 Checkpoint finished, log reused
18:02:44 Server shutdown complete

		Tue May 27 2025
18:03:01 { Loading plugin 1: Type `plain', file `geos' in `../hosting'
18:03:01   plain version 1.2.3240 from OpenLink Software
18:03:01   GEOS plugin based on Geometry Engine Open Source library from Open Source Geospatial Foundation
18:03:01   SUCCESS plugin 1: loaded from ../hosting/geos.so }
18:03:01 { Loading plugin 2: Type `plain', file `graphql' in `../hosting'
18:03:01   GraphQL/SPARQL Bridge version 0.9.3 (ffed4676d) from OpenLink Software
18:03:01   Support functions for GraphQL/SPARQL Bridge
18:03:01   SUCCESS plugin 2: loaded from ../hosting/graphql.so }
18:03:01 { Loading plugin 3: Type `plain', file `shapefileio' in `../hosting'
18:03:01   ShapefileIO version 0.1virt71 from OpenLink Software
18:03:01   Shapefile support based on Frank Warmerdam's Shapelib
18:03:01   SUCCESS plugin 3: loaded from ../hosting/shapefileio.so }
18:03:01 OpenLink Virtuoso Universal Server
18:03:01 Version 07.20.3240-pthreads for Linux as of Nov 11 2024 (ffed4676d)
18:03:01 uses OpenSSL 1.1.1f  31 Mar 2020
18:03:01 uses parts of PCRE, Html Tidy
18:03:01 Database version 3126
18:03:01 SQL Optimizer enabled (max 1000 layouts)
18:03:02 Compiler unit is timed at 0.000130 msec
18:03:03 Roll forward started
18:03:03 Roll forward complete
18:03:03 Checkpoint started
18:03:03 Checkpoint finished, log reused
18:03:03 HTTP/WebDAV server online at 8890
18:03:03 Server online at 1111 (pid 1)
18:05:19 Server received signal 2
18:05:19 Initiating normal shutdown
18:05:19 Checkpoint started
18:05:19 Checkpoint finished, log reused
18:05:19 Server shutdown complete

		Tue May 27 2025
18:05:23 { Loading plugin 1: Type `plain', file `geos' in `../hosting'
18:05:23   plain version 1.2.3240 from OpenLink Software
18:05:23   GEOS plugin based on Geometry Engine Open Source library from Open Source Geospatial Foundation
18:05:23   SUCCESS plugin 1: loaded from ../hosting/geos.so }
18:05:23 { Loading plugin 2: Type `plain', file `graphql' in `../hosting'
18:05:23   GraphQL/SPARQL Bridge version 0.9.3 (ffed4676d) from OpenLink Software
18:05:23   Support functions for GraphQL/SPARQL Bridge
18:05:23   SUCCESS plugin 2: loaded from ../hosting/graphql.so }
18:05:23 { Loading plugin 3: Type `plain', file `shapefileio' in `../hosting'
18:05:23   ShapefileIO version 0.1virt71 from OpenLink Software
18:05:23   Shapefile support based on Frank Warmerdam's Shapelib
18:05:23   SUCCESS plugin 3: loaded from ../hosting/shapefileio.so }
18:05:23 OpenLink Virtuoso Universal Server
18:05:23 Version 07.20.3240-pthreads for Linux as of Nov 11 2024 (ffed4676d)
18:05:23 uses OpenSSL 1.1.1f  31 Mar 2020
18:05:23 uses parts of PCRE, Html Tidy
18:05:23 Database version 3126
18:05:23 SQL Optimizer enabled (max 1000 layouts)
18:05:24 Compiler unit is timed at 0.000130 msec
18:05:25 Roll forward started
18:05:25 Roll forward complete
18:05:25 Checkpoint started
18:05:25 Checkpoint finished, log reused
18:05:25 HTTP/WebDAV server online at 8890
18:05:25 Server online at 1111 (pid 1)
18:05:36 Server received signal 2
18:05:36 Initiating normal shutdown
18:05:36 Checkpoint started
18:05:36 Checkpoint finished, log reused
18:05:36 Server shutdown complete

		Tue May 27 2025
18:06:24 { Loading plugin 1: Type `plain', file `geos' in `../hosting'
18:06:24   plain version 1.2.3240 from OpenLink Software
18:06:24   GEOS plugin based on Geometry Engine Open Source library from Open Source Geospatial Foundation
18:06:24   SUCCESS plugin 1: loaded from ../hosting/geos.so }
18:06:24 { Loading plugin 2: Type `plain', file `graphql' in `../hosting'
18:06:24   GraphQL/SPARQL Bridge version 0.9.3 (ffed4676d) from OpenLink Software
18:06:24   Support functions for GraphQL/SPARQL Bridge
18:06:24   SUCCESS plugin 2: loaded from ../hosting/graphql.so }
18:06:24 { Loading plugin 3: Type `plain', file `shapefileio' in `../hosting'
18:06:24   ShapefileIO version 0.1virt71 from OpenLink Software
18:06:24   Shapefile support based on Frank Warmerdam's Shapelib
18:06:24   SUCCESS plugin 3: loaded from ../hosting/shapefileio.so }
18:06:24 OpenLink Virtuoso Universal Server
18:06:24 Version 07.20.3240-pthreads for Linux as of Nov 11 2024 (ffed4676d)
18:06:24 uses OpenSSL 1.1.1f  31 Mar 2020
18:06:24 uses parts of PCRE, Html Tidy
18:06:24 Database version 3126
18:06:24 SQL Optimizer enabled (max 1000 layouts)
18:06:25 Compiler unit is timed at 0.000130 msec
18:06:25 Roll forward started
18:06:25 Roll forward complete
18:06:25 Checkpoint started
18:06:25 Checkpoint finished, log reused
18:06:25 HTTP/WebDAV server online at 8890
18:06:25 Server online at 1111 (pid 1)
19:06:27 Checkpoint started
19:06:27 Checkpoint finished, log reused
20:06:27 Checkpoint started
20:06:27 Checkpoint finished, log reused
21:06:29 Checkpoint started
21:06:29 Checkpoint finished, log reused
22:06:31 Checkpoint started
22:06:31 Checkpoint finished, log reused
23:06:33 Checkpoint started
23:06:33 Checkpoint finished, log reused

		Wed May 28 2025
00:06:34 Checkpoint started
00:06:34 Checkpoint finished, log reused
01:06:36 Checkpoint started
01:06:36 Checkpoint finished, log reused
02:06:38 Checkpoint started
02:06:38 Checkpoint finished, log reused
03:06:40 Checkpoint started
03:06:40 Checkpoint finished, log reused
04:06:41 Checkpoint started
04:06:41 Checkpoint finished, log reused
05:06:43 Checkpoint started
05:06:43 Checkpoint finished, log reused
06:06:45 Checkpoint started
06:06:45 Checkpoint finished, log reused
07:06:47 Checkpoint started
07:06:47 Checkpoint finished, log reused
08:06:48 Checkpoint started
08:06:48 Checkpoint finished, log reused
09:06:49 Checkpoint started
09:06:49 Checkpoint finished, log reused
09:21:59 Server received signal 2
09:21:59 Initiating normal shutdown
09:22:00 Checkpoint started
09:22:00 Checkpoint finished, log reused
09:22:00 Server shutdown complete

		Wed May 28 2025
09:22:07 Error compiling definition of view 'DB.DBA.sql_statistics': 42S02: SQ112: View without table DB.DBA.SQL_STATISTICS
09:22:07 Error compiling definition of view 'DB.DBA.sql_table_indexes': 42S02: SQ112: View without table DB.DBA.SQL_TABLE_INDEXES
09:22:08 Error compiling a server init statement : S0022: SQ200: No column BD_DIR. -- create procedure DB.DBA.BACKUP_MAKE (	in prefix varchar,
					in max_pages integer,
					in is_f...

		Wed May 28 2025
09:31:47 Error compiling definition of view 'DB.DBA.sql_statistics': 42S02: SQ112: View without table DB.DBA.SQL_STATISTICS
09:31:47 Error compiling definition of view 'DB.DBA.sql_table_indexes': 42S02: SQ112: View without table DB.DBA.SQL_TABLE_INDEXES
09:31:47 Error compiling a server init statement : S0022: SQ200: No column BD_DIR. -- create procedure DB.DBA.BACKUP_MAKE (	in prefix varchar,
					in max_pages integer,
					in is_f...

		Wed May 28 2025
09:33:37 Error compiling definition of view 'DB.DBA.sql_statistics': 42S02: SQ112: View without table DB.DBA.SQL_STATISTICS
09:33:37 Error compiling definition of view 'DB.DBA.sql_table_indexes': 42S02: SQ112: View without table DB.DBA.SQL_TABLE_INDEXES
09:33:37 Error compiling a server init statement : S0022: SQ200: No column BD_DIR. -- create procedure DB.DBA.BACKUP_MAKE (	in prefix varchar,
					in max_pages integer,
					in is_f...
